\BOOKMARK [0][-]{chapter.1}{Introduction}{}% 1
\BOOKMARK [1][-]{section.1.1}{Adaptive learning}{chapter.1}% 2
\BOOKMARK [1][-]{section.1.2}{Music teaching on the web}{chapter.1}% 3
\BOOKMARK [1][-]{section.1.3}{Pitch detection}{chapter.1}% 4
\BOOKMARK [1][-]{section.1.4}{Achievements}{chapter.1}% 5
\BOOKMARK [0][-]{chapter.2}{Background}{}% 6
\BOOKMARK [1][-]{section.2.1}{Adaptive learning}{chapter.2}% 7
\BOOKMARK [2][-]{subsection.2.1.1}{Adaptive learning in music}{section.2.1}% 8
\BOOKMARK [1][-]{section.2.2}{Existing Musicality Tutors}{chapter.2}% 9
\BOOKMARK [1][-]{section.2.3}{Music Theory}{chapter.2}% 10
\BOOKMARK [2][-]{subsection.2.3.1}{Pitch}{section.2.3}% 11
\BOOKMARK [2][-]{subsection.2.3.2}{Human vocal range}{section.2.3}% 12
\BOOKMARK [1][-]{section.2.4}{Pitch Detection}{chapter.2}% 13
\BOOKMARK [2][-]{subsection.2.4.1}{Fundamental Frequency Detection Methods}{section.2.4}% 14
\BOOKMARK [1][-]{section.2.5}{Audio processing}{chapter.2}% 15
\BOOKMARK [2][-]{subsection.2.5.1}{Nyquist-Shannon sampling theory}{section.2.5}% 16
\BOOKMARK [2][-]{subsection.2.5.2}{Pulse Code Modulation}{section.2.5}% 17
\BOOKMARK [0][-]{chapter.3}{Implementation}{}% 18
\BOOKMARK [1][-]{section.3.1}{Platform choice}{chapter.3}% 19
\BOOKMARK [2][-]{subsection.3.1.1}{Mobile browsing}{section.3.1}% 20
\BOOKMARK [1][-]{section.3.2}{Application stack}{chapter.3}% 21
\BOOKMARK [1][-]{section.3.3}{Server-side software}{chapter.3}% 22
\BOOKMARK [2][-]{subsection.3.3.1}{Django web framework}{section.3.3}% 23
\BOOKMARK [2][-]{subsection.3.3.2}{SQLite}{section.3.3}% 24
\BOOKMARK [1][-]{section.3.4}{Client side JavaScript libraries}{chapter.3}% 25
\BOOKMARK [2][-]{subsection.3.4.1}{Recorder.js and the Web Audio API}{section.3.4}% 26
\BOOKMARK [2][-]{subsection.3.4.2}{MIDI.js}{section.3.4}% 27
\BOOKMARK [2][-]{subsection.3.4.3}{JQuery}{section.3.4}% 28
\BOOKMARK [1][-]{section.3.5}{Pitch Detection}{chapter.3}% 29
\BOOKMARK [2][-]{subsection.3.5.1}{Segmented Autocorrelation Algorithm}{section.3.5}% 30
\BOOKMARK [2][-]{subsection.3.5.2}{Breaking it apart}{section.3.5}% 31
\BOOKMARK [2][-]{subsection.3.5.3}{Detecting errors}{section.3.5}% 32
\BOOKMARK [1][-]{section.3.6}{Putting it together}{chapter.3}% 33
\BOOKMARK [1][-]{section.3.7}{Measuring user ability}{chapter.3}% 34
\BOOKMARK [2][-]{subsection.3.7.1}{Intonation training}{section.3.7}% 35
\BOOKMARK [1][-]{section.3.8}{Adapting to user ability}{chapter.3}% 36
\BOOKMARK [0][-]{chapter.4}{Evaluation}{}% 37
\BOOKMARK [1][-]{section.4.1}{Adaptivity}{chapter.4}% 38
\BOOKMARK [1][-]{section.4.2}{Pitch Detection}{chapter.4}% 39
\BOOKMARK [2][-]{subsection.4.2.1}{Period accuracy}{section.4.2}% 40
\BOOKMARK [2][-]{subsection.4.2.2}{Robustness}{section.4.2}% 41
\BOOKMARK [2][-]{subsection.4.2.3}{Speed}{section.4.2}% 42
\BOOKMARK [0][-]{chapter.5}{Conclusions}{}% 43
\BOOKMARK [1][-]{section.5.1}{Future}{chapter.5}% 44
